[debug] [2023-07-12T19:03:58.244Z] ----------------------------------------------------------------------
[debug] [2023-07-12T19:03:58.246Z] Command:       C:\Program Files\nodejs\node.exe C:\Users\prade\AppData\Roaming\npm\node_modules\firebase-tools\lib\bin\firebase.js init
[debug] [2023-07-12T19:03:58.247Z] CLI Version:   11.30.0
[debug] [2023-07-12T19:03:58.247Z] Platform:      win32
[debug] [2023-07-12T19:03:58.247Z] Node Version:  v16.15.1
[debug] [2023-07-12T19:03:58.252Z] Time:          Thu Jul 13 2023 00:33:58 GMT+0530 (India Standard Time)
[debug] [2023-07-12T19:03:58.252Z] ----------------------------------------------------------------------
[debug] 
[debug] [2023-07-12T19:03:58.324Z] > command requires scopes: ["email","openid","https://www.googleapis.com/auth/cloudplatformprojects.readonly","https://www.googleapis.com/auth/firebase","https://www.googleapis.com/auth/cloud-platform"]
[debug] [2023-07-12T19:03:58.324Z] > authorizing via signed-in user (pradeep.cyfuture2023@gmail.com)
[info] 
     ######## #### ########  ######## ########     ###     ######  ########
     ##        ##  ##     ## ##       ##     ##  ##   ##  ##       ##
     ######    ##  ########  ######   ########  #########  ######  ######
     ##        ##  ##    ##  ##       ##     ## ##     ##       ## ##
     ##       #### ##     ## ######## ########  ##     ##  ######  ########

You're about to initialize a Firebase project in this directory:

  C:\Users\prade\OneDrive\Desktop\cyfP\kailash\kailash

Before we get started, keep in mind:

  * You are initializing within an existing Firebase project directory

[info] 
=== Project Setup
[info] 
[info] First, let's associate this project directory with a Firebase project.
[info] You can create multiple project aliases by running firebase use --add, 
[info] but for now we'll just set up a default project.
[info] 
[debug] [2023-07-12T19:04:04.249Z] Using project from CLI flag: finalapp-f4ed7
[debug] [2023-07-12T19:04:04.250Z] > refreshing access token with scopes: []
[debug] [2023-07-12T19:04:04.251Z] >>> [apiv2][query] POST https://www.googleapis.com/oauth2/v3/token [none]
[debug] [2023-07-12T19:04:04.252Z] >>> [apiv2][body] POST https://www.googleapis.com/oauth2/v3/token [omitted]
[debug] [2023-07-12T19:04:04.829Z] <<< [apiv2][status] POST https://www.googleapis.com/oauth2/v3/token 200
[debug] [2023-07-12T19:04:04.829Z] <<< [apiv2][body] POST https://www.googleapis.com/oauth2/v3/token [omitted]
[debug] [2023-07-12T19:04:04.842Z] >>> [apiv2][query] GET https://firebase.googleapis.com/v1beta1/projects/finalapp-f4ed7 [none]
[debug] [2023-07-12T19:04:05.644Z] <<< [apiv2][status] GET https://firebase.googleapis.com/v1beta1/projects/finalapp-f4ed7 403
[debug] [2023-07-12T19:04:05.644Z] <<< [apiv2][body] GET https://firebase.googleapis.com/v1beta1/projects/finalapp-f4ed7 {"error":{"code":403,"message":"The caller does not have permission","status":"PERMISSION_DENIED"}}
[debug] [2023-07-12T19:04:05.645Z] HTTP Error: 403, The caller does not have permission
[debug] [2023-07-12T19:04:05.878Z] FirebaseError: HTTP Error: 403, The caller does not have permission
    at responseToError (C:\Users\prade\AppData\Roaming\npm\node_modules\firebase-tools\lib\responseToError.js:49:12)
    at RetryOperation._fn (C:\Users\prade\AppData\Roaming\npm\node_modules\firebase-tools\lib\apiv2.js:288:77)
    at processTicksAndRejections (node:internal/process/task_queues:96:5)
[error] 
[error] Error: Failed to get Firebase project finalapp-f4ed7. Please make sure the project exists and your account has permission to access it.
